[07-Jun-2023 16:24:07 UTC] PHP Warning:  Undefined variable $qsid in /Users/m.waqas/Documents/OP-WP-2023/P4/planty/app/public/wp-content/plugins/child-theme-configurator/includes/classes/CSS.php on line 958
[07-Jun-2023 16:24:07 UTC] PHP Warning:  Undefined variable $qsid in /Users/m.waqas/Documents/OP-WP-2023/P4/planty/app/public/wp-content/plugins/child-theme-configurator/includes/classes/CSS.php on line 960
[07-Jun-2023 16:24:07 UTC] PHP Warning:  Undefined variable $qsid in /Users/m.waqas/Documents/OP-WP-2023/P4/planty/app/public/wp-content/plugins/child-theme-configurator/includes/classes/CSS.php on line 967
[07-Jun-2023 16:24:07 UTC] PHP Warning:  Undefined variable $qsid in /Users/m.waqas/Documents/OP-WP-2023/P4/planty/app/public/wp-content/plugins/child-theme-configurator/includes/classes/CSS.php on line 968
[07-Jun-2023 16:24:07 UTC] PHP Warning:  Undefined variable $qsid in /Users/m.waqas/Documents/OP-WP-2023/P4/planty/app/public/wp-content/plugins/child-theme-configurator/includes/classes/CSS.php on line 971
[07-Jun-2023 16:24:27 UTC] PHP Warning:  Undefined variable $qsid in /Users/m.waqas/Documents/OP-WP-2023/P4/planty/app/public/wp-content/plugins/child-theme-configurator/includes/classes/CSS.php on line 958
[07-Jun-2023 16:24:27 UTC] PHP Warning:  Undefined variable $qsid in /Users/m.waqas/Documents/OP-WP-2023/P4/planty/app/public/wp-content/plugins/child-theme-configurator/includes/classes/CSS.php on line 960
[07-Jun-2023 16:24:27 UTC] PHP Warning:  Undefined variable $qsid in /Users/m.waqas/Documents/OP-WP-2023/P4/planty/app/public/wp-content/plugins/child-theme-configurator/includes/classes/CSS.php on line 967
[07-Jun-2023 16:24:27 UTC] PHP Warning:  Undefined variable $qsid in /Users/m.waqas/Documents/OP-WP-2023/P4/planty/app/public/wp-content/plugins/child-theme-configurator/includes/classes/CSS.php on line 968
[07-Jun-2023 16:24:27 UTC] PHP Warning:  Undefined variable $qsid in /Users/m.waqas/Documents/OP-WP-2023/P4/planty/app/public/wp-content/plugins/child-theme-configurator/includes/classes/CSS.php on line 971
[07-Jun-2023 16:26:14 UTC] PHP Warning:  file_get_contents(/Users/m.waqas/Documents/OP-WP-2023/P4/planty/app/public/wp-content/plugins/ocean-extra/ocean-extra.php): Failed to open stream: No such file or directory in /Users/m.waqas/Documents/OP-WP-2023/P4/planty/app/public/wp-includes/functions.php on line 6651
[07-Jun-2023 16:27:46 UTC] PHP Warning:  file_get_contents(/Users/m.waqas/Documents/OP-WP-2023/P4/planty/app/public/wp-content/plugins/ocean-extra/ocean-extra.php): Failed to open stream: No such file or directory in /Users/m.waqas/Documents/OP-WP-2023/P4/planty/app/public/wp-includes/functions.php on line 6651
[07-Jun-2023 16:30:18 UTC] PHP Warning:  Attempt to read property "post_status" on null in /Users/m.waqas/Documents/OP-WP-2023/P4/planty/app/public/wp-content/plugins/elementor/core/base/document.php on line 1742
[07-Jun-2023 16:30:18 UTC] PHP Warning:  Attempt to read property "post_status" on null in /Users/m.waqas/Documents/OP-WP-2023/P4/planty/app/public/wp-content/plugins/elementor/core/base/document.php on line 1751
[07-Jun-2023 16:30:18 UTC] PHP Warning:  Attempt to read property "post_status" on null in /Users/m.waqas/Documents/OP-WP-2023/P4/planty/app/public/wp-content/plugins/elementor/core/kits/manager.php on line 280
[07-Jun-2023 16:31:20 UTC] PHP Warning:  Attempt to read property "post_status" on null in /Users/m.waqas/Documents/OP-WP-2023/P4/planty/app/public/wp-content/plugins/elementor/core/base/document.php on line 1742
[07-Jun-2023 16:31:20 UTC] PHP Warning:  Attempt to read property "post_status" on null in /Users/m.waqas/Documents/OP-WP-2023/P4/planty/app/public/wp-content/plugins/elementor/core/base/document.php on line 1751
[07-Jun-2023 16:31:20 UTC] PHP Warning:  Attempt to read property "post_status" on null in /Users/m.waqas/Documents/OP-WP-2023/P4/planty/app/public/wp-content/plugins/elementor/core/kits/manager.php on line 280
[07-Jun-2023 16:31:39 UTC] PHP Warning:  Attempt to read property "post_status" on null in /Users/m.waqas/Documents/OP-WP-2023/P4/planty/app/public/wp-content/plugins/elementor/core/base/document.php on line 1742
[07-Jun-2023 16:31:39 UTC] PHP Warning:  Attempt to read property "post_status" on null in /Users/m.waqas/Documents/OP-WP-2023/P4/planty/app/public/wp-content/plugins/elementor/core/base/document.php on line 1751
[07-Jun-2023 16:31:39 UTC] PHP Warning:  Attempt to read property "post_status" on null in /Users/m.waqas/Documents/OP-WP-2023/P4/planty/app/public/wp-content/plugins/elementor/core/kits/manager.php on line 280
[07-Jun-2023 16:31:47 UTC] PHP Warning:  Attempt to read property "post_status" on null in /Users/m.waqas/Documents/OP-WP-2023/P4/planty/app/public/wp-content/plugins/elementor/core/base/document.php on line 1742
[07-Jun-2023 16:31:47 UTC] PHP Warning:  Attempt to read property "post_status" on null in /Users/m.waqas/Documents/OP-WP-2023/P4/planty/app/public/wp-content/plugins/elementor/core/base/document.php on line 1751
[07-Jun-2023 16:31:47 UTC] PHP Warning:  Attempt to read property "post_status" on null in /Users/m.waqas/Documents/OP-WP-2023/P4/planty/app/public/wp-content/plugins/elementor/core/kits/manager.php on line 280
[07-Jun-2023 16:31:50 UTC] PHP Warning:  Attempt to read property "post_status" on null in /Users/m.waqas/Documents/OP-WP-2023/P4/planty/app/public/wp-content/plugins/elementor/core/base/document.php on line 1742
[07-Jun-2023 16:31:50 UTC] PHP Warning:  Attempt to read property "post_status" on null in /Users/m.waqas/Documents/OP-WP-2023/P4/planty/app/public/wp-content/plugins/elementor/core/base/document.php on line 1751
[07-Jun-2023 16:31:50 UTC] PHP Warning:  Attempt to read property "post_status" on null in /Users/m.waqas/Documents/OP-WP-2023/P4/planty/app/public/wp-content/plugins/elementor/core/kits/manager.php on line 280
[07-Jun-2023 16:31:52 UTC] PHP Warning:  Attempt to read property "post_status" on null in /Users/m.waqas/Documents/OP-WP-2023/P4/planty/app/public/wp-content/plugins/elementor/core/base/document.php on line 1742
[07-Jun-2023 16:31:52 UTC] PHP Warning:  Attempt to read property "post_status" on null in /Users/m.waqas/Documents/OP-WP-2023/P4/planty/app/public/wp-content/plugins/elementor/core/base/document.php on line 1751
[07-Jun-2023 16:31:52 UTC] PHP Warning:  Attempt to read property "post_status" on null in /Users/m.waqas/Documents/OP-WP-2023/P4/planty/app/public/wp-content/plugins/elementor/core/kits/manager.php on line 280
[07-Jun-2023 16:32:11 UTC] PHP Warning:  Attempt to read property "post_status" on null in /Users/m.waqas/Documents/OP-WP-2023/P4/planty/app/public/wp-content/plugins/elementor/core/base/document.php on line 1742
[07-Jun-2023 16:32:11 UTC] PHP Warning:  Attempt to read property "post_status" on null in /Users/m.waqas/Documents/OP-WP-2023/P4/planty/app/public/wp-content/plugins/elementor/core/base/document.php on line 1751
[07-Jun-2023 16:32:11 UTC] PHP Warning:  Attempt to read property "post_status" on null in /Users/m.waqas/Documents/OP-WP-2023/P4/planty/app/public/wp-content/plugins/elementor/core/kits/manager.php on line 280
[07-Jun-2023 16:32:42 UTC] PHP Warning:  Attempt to read property "post_status" on null in /Users/m.waqas/Documents/OP-WP-2023/P4/planty/app/public/wp-content/plugins/elementor/core/base/document.php on line 1742
[07-Jun-2023 16:32:42 UTC] PHP Warning:  Attempt to read property "post_status" on null in /Users/m.waqas/Documents/OP-WP-2023/P4/planty/app/public/wp-content/plugins/elementor/core/base/document.php on line 1751
[07-Jun-2023 16:32:42 UTC] PHP Warning:  Attempt to read property "post_status" on null in /Users/m.waqas/Documents/OP-WP-2023/P4/planty/app/public/wp-content/plugins/elementor/core/kits/manager.php on line 280
[07-Jun-2023 16:32:43 UTC] PHP Warning:  Undefined variable $qsid in /Users/m.waqas/Documents/OP-WP-2023/P4/planty/app/public/wp-content/plugins/child-theme-configurator/includes/classes/CSS.php on line 958
[07-Jun-2023 16:32:43 UTC] PHP Warning:  Undefined variable $qsid in /Users/m.waqas/Documents/OP-WP-2023/P4/planty/app/public/wp-content/plugins/child-theme-configurator/includes/classes/CSS.php on line 960
[07-Jun-2023 16:32:43 UTC] PHP Warning:  Undefined variable $qsid in /Users/m.waqas/Documents/OP-WP-2023/P4/planty/app/public/wp-content/plugins/child-theme-configurator/includes/classes/CSS.php on line 967
[07-Jun-2023 16:32:43 UTC] PHP Warning:  Undefined variable $qsid in /Users/m.waqas/Documents/OP-WP-2023/P4/planty/app/public/wp-content/plugins/child-theme-configurator/includes/classes/CSS.php on line 968
[07-Jun-2023 16:32:43 UTC] PHP Warning:  Undefined variable $qsid in /Users/m.waqas/Documents/OP-WP-2023/P4/planty/app/public/wp-content/plugins/child-theme-configurator/includes/classes/CSS.php on line 971
[07-Jun-2023 16:32:48 UTC] PHP Warning:  Attempt to read property "post_status" on null in /Users/m.waqas/Documents/OP-WP-2023/P4/planty/app/public/wp-content/plugins/elementor/core/base/document.php on line 1742
[07-Jun-2023 16:32:48 UTC] PHP Warning:  Attempt to read property "post_status" on null in /Users/m.waqas/Documents/OP-WP-2023/P4/planty/app/public/wp-content/plugins/elementor/core/base/document.php on line 1751
[07-Jun-2023 16:32:48 UTC] PHP Warning:  Attempt to read property "post_status" on null in /Users/m.waqas/Documents/OP-WP-2023/P4/planty/app/public/wp-content/plugins/elementor/core/kits/manager.php on line 280
[07-Jun-2023 16:32:57 UTC] PHP Warning:  Attempt to read property "post_status" on null in /Users/m.waqas/Documents/OP-WP-2023/P4/planty/app/public/wp-content/plugins/elementor/core/base/document.php on line 1742
[07-Jun-2023 16:32:57 UTC] PHP Warning:  Attempt to read property "post_status" on null in /Users/m.waqas/Documents/OP-WP-2023/P4/planty/app/public/wp-content/plugins/elementor/core/base/document.php on line 1751
[07-Jun-2023 16:32:57 UTC] PHP Warning:  Attempt to read property "post_status" on null in /Users/m.waqas/Documents/OP-WP-2023/P4/planty/app/public/wp-content/plugins/elementor/core/kits/manager.php on line 280
[07-Jun-2023 16:38:35 UTC] PHP Warning:  Attempt to read property "post_status" on null in /Users/m.waqas/Documents/OP-WP-2023/P4/planty/app/public/wp-content/plugins/elementor/core/base/document.php on line 1742
[07-Jun-2023 16:38:35 UTC] PHP Warning:  Attempt to read property "post_status" on null in /Users/m.waqas/Documents/OP-WP-2023/P4/planty/app/public/wp-content/plugins/elementor/core/base/document.php on line 1751
[07-Jun-2023 16:38:35 UTC] PHP Warning:  Attempt to read property "post_status" on null in /Users/m.waqas/Documents/OP-WP-2023/P4/planty/app/public/wp-content/plugins/elementor/core/kits/manager.php on line 280
[07-Jun-2023 16:38:38 UTC] PHP Warning:  Attempt to read property "post_status" on null in /Users/m.waqas/Documents/OP-WP-2023/P4/planty/app/public/wp-content/plugins/elementor/core/base/document.php on line 1742
[07-Jun-2023 16:38:38 UTC] PHP Warning:  Attempt to read property "post_status" on null in /Users/m.waqas/Documents/OP-WP-2023/P4/planty/app/public/wp-content/plugins/elementor/core/base/document.php on line 1751
[07-Jun-2023 16:38:38 UTC] PHP Warning:  Attempt to read property "post_status" on null in /Users/m.waqas/Documents/OP-WP-2023/P4/planty/app/public/wp-content/plugins/elementor/core/kits/manager.php on line 280
[07-Jun-2023 16:39:12 UTC] PHP Warning:  Attempt to read property "post_status" on null in /Users/m.waqas/Documents/OP-WP-2023/P4/planty/app/public/wp-content/plugins/elementor/core/base/document.php on line 1742
[07-Jun-2023 16:39:12 UTC] PHP Warning:  Attempt to read property "post_status" on null in /Users/m.waqas/Documents/OP-WP-2023/P4/planty/app/public/wp-content/plugins/elementor/core/base/document.php on line 1751
[07-Jun-2023 16:39:12 UTC] PHP Warning:  Attempt to read property "post_status" on null in /Users/m.waqas/Documents/OP-WP-2023/P4/planty/app/public/wp-content/plugins/elementor/core/kits/manager.php on line 280
[07-Jun-2023 16:39:12 UTC] PHP Warning:  Attempt to read property "post_status" on null in /Users/m.waqas/Documents/OP-WP-2023/P4/planty/app/public/wp-content/plugins/elementor/core/kits/manager.php on line 280
[07-Jun-2023 16:39:17 UTC] PHP Warning:  Attempt to read property "post_status" on null in /Users/m.waqas/Documents/OP-WP-2023/P4/planty/app/public/wp-content/plugins/elementor/core/base/document.php on line 1742
[07-Jun-2023 16:39:17 UTC] PHP Warning:  Attempt to read property "post_status" on null in /Users/m.waqas/Documents/OP-WP-2023/P4/planty/app/public/wp-content/plugins/elementor/core/base/document.php on line 1751
[07-Jun-2023 16:39:17 UTC] PHP Warning:  Attempt to read property "post_status" on null in /Users/m.waqas/Documents/OP-WP-2023/P4/planty/app/public/wp-content/plugins/elementor/core/kits/manager.php on line 280
[07-Jun-2023 16:39:17 UTC] PHP Warning:  Attempt to read property "post_status" on null in /Users/m.waqas/Documents/OP-WP-2023/P4/planty/app/public/wp-content/plugins/elementor/core/kits/manager.php on line 280
[07-Jun-2023 16:39:23 UTC] PHP Warning:  Attempt to read property "post_status" on null in /Users/m.waqas/Documents/OP-WP-2023/P4/planty/app/public/wp-content/plugins/elementor/core/base/document.php on line 1742
[07-Jun-2023 16:39:23 UTC] PHP Warning:  Attempt to read property "post_status" on null in /Users/m.waqas/Documents/OP-WP-2023/P4/planty/app/public/wp-content/plugins/elementor/core/base/document.php on line 1751
[07-Jun-2023 16:39:23 UTC] PHP Warning:  Attempt to read property "post_status" on null in /Users/m.waqas/Documents/OP-WP-2023/P4/planty/app/public/wp-content/plugins/elementor/core/kits/manager.php on line 280
[07-Jun-2023 16:39:23 UTC] PHP Warning:  Attempt to read property "post_status" on null in /Users/m.waqas/Documents/OP-WP-2023/P4/planty/app/public/wp-content/plugins/elementor/core/kits/manager.php on line 280
[07-Jun-2023 16:39:25 UTC] PHP Warning:  Attempt to read property "post_status" on null in /Users/m.waqas/Documents/OP-WP-2023/P4/planty/app/public/wp-content/plugins/elementor/core/base/document.php on line 1742
[07-Jun-2023 16:39:25 UTC] PHP Warning:  Attempt to read property "post_status" on null in /Users/m.waqas/Documents/OP-WP-2023/P4/planty/app/public/wp-content/plugins/elementor/core/base/document.php on line 1751
[07-Jun-2023 16:39:25 UTC] PHP Warning:  Attempt to read property "post_status" on null in /Users/m.waqas/Documents/OP-WP-2023/P4/planty/app/public/wp-content/plugins/elementor/core/kits/manager.php on line 280
[07-Jun-2023 16:39:25 UTC] PHP Warning:  Attempt to read property "post_status" on null in /Users/m.waqas/Documents/OP-WP-2023/P4/planty/app/public/wp-content/plugins/elementor/core/kits/manager.php on line 280
[07-Jun-2023 16:39:30 UTC] PHP Warning:  Attempt to read property "post_status" on null in /Users/m.waqas/Documents/OP-WP-2023/P4/planty/app/public/wp-content/plugins/elementor/core/base/document.php on line 1742
[07-Jun-2023 16:39:30 UTC] PHP Warning:  Attempt to read property "post_status" on null in /Users/m.waqas/Documents/OP-WP-2023/P4/planty/app/public/wp-content/plugins/elementor/core/base/document.php on line 1751
[07-Jun-2023 16:39:30 UTC] PHP Warning:  Attempt to read property "post_status" on null in /Users/m.waqas/Documents/OP-WP-2023/P4/planty/app/public/wp-content/plugins/elementor/core/kits/manager.php on line 280
[07-Jun-2023 16:39:30 UTC] PHP Warning:  Attempt to read property "post_status" on null in /Users/m.waqas/Documents/OP-WP-2023/P4/planty/app/public/wp-content/plugins/elementor/core/kits/manager.php on line 280
[07-Jun-2023 16:39:53 UTC] PHP Warning:  Attempt to read property "post_status" on null in /Users/m.waqas/Documents/OP-WP-2023/P4/planty/app/public/wp-content/plugins/elementor/core/base/document.php on line 1742
[07-Jun-2023 16:39:53 UTC] PHP Warning:  Attempt to read property "post_status" on null in /Users/m.waqas/Documents/OP-WP-2023/P4/planty/app/public/wp-content/plugins/elementor/core/base/document.php on line 1751
[07-Jun-2023 16:39:53 UTC] PHP Warning:  Attempt to read property "post_status" on null in /Users/m.waqas/Documents/OP-WP-2023/P4/planty/app/public/wp-content/plugins/elementor/core/kits/manager.php on line 280
[07-Jun-2023 16:39:53 UTC] PHP Warning:  Attempt to read property "post_status" on null in /Users/m.waqas/Documents/OP-WP-2023/P4/planty/app/public/wp-content/plugins/elementor/core/kits/manager.php on line 280
[07-Jun-2023 16:40:36 UTC] PHP Warning:  Attempt to read property "post_status" on null in /Users/m.waqas/Documents/OP-WP-2023/P4/planty/app/public/wp-content/plugins/elementor/core/base/document.php on line 1742
[07-Jun-2023 16:40:36 UTC] PHP Warning:  Attempt to read property "post_status" on null in /Users/m.waqas/Documents/OP-WP-2023/P4/planty/app/public/wp-content/plugins/elementor/core/base/document.php on line 1751
[07-Jun-2023 16:40:36 UTC] PHP Warning:  Attempt to read property "post_status" on null in /Users/m.waqas/Documents/OP-WP-2023/P4/planty/app/public/wp-content/plugins/elementor/core/kits/manager.php on line 280
[07-Jun-2023 16:40:36 UTC] PHP Warning:  Attempt to read property "post_status" on null in /Users/m.waqas/Documents/OP-WP-2023/P4/planty/app/public/wp-content/plugins/elementor/core/kits/manager.php on line 280
[07-Jun-2023 16:50:01 UTC] PHP Warning:  Attempt to read property "post_status" on null in /Users/m.waqas/Documents/OP-WP-2023/P4/planty/app/public/wp-content/plugins/elementor/core/base/document.php on line 1742
[07-Jun-2023 16:50:01 UTC] PHP Warning:  Attempt to read property "post_status" on null in /Users/m.waqas/Documents/OP-WP-2023/P4/planty/app/public/wp-content/plugins/elementor/core/base/document.php on line 1751
[07-Jun-2023 16:50:01 UTC] PHP Warning:  Attempt to read property "post_status" on null in /Users/m.waqas/Documents/OP-WP-2023/P4/planty/app/public/wp-content/plugins/elementor/core/kits/manager.php on line 280
[07-Jun-2023 16:50:02 UTC] PHP Warning:  Attempt to read property "post_status" on null in /Users/m.waqas/Documents/OP-WP-2023/P4/planty/app/public/wp-content/plugins/elementor/core/kits/manager.php on line 280
[07-Jun-2023 16:50:06 UTC] PHP Warning:  Attempt to read property "post_status" on null in /Users/m.waqas/Documents/OP-WP-2023/P4/planty/app/public/wp-content/plugins/elementor/core/base/document.php on line 1742
[07-Jun-2023 16:50:06 UTC] PHP Warning:  Attempt to read property "post_status" on null in /Users/m.waqas/Documents/OP-WP-2023/P4/planty/app/public/wp-content/plugins/elementor/core/base/document.php on line 1751
[07-Jun-2023 16:50:06 UTC] PHP Warning:  Attempt to read property "post_status" on null in /Users/m.waqas/Documents/OP-WP-2023/P4/planty/app/public/wp-content/plugins/elementor/core/kits/manager.php on line 280
[07-Jun-2023 16:50:06 UTC] PHP Warning:  Attempt to read property "post_status" on null in /Users/m.waqas/Documents/OP-WP-2023/P4/planty/app/public/wp-content/plugins/elementor/core/kits/manager.php on line 280
[07-Jun-2023 16:51:00 UTC] PHP Warning:  Attempt to read property "post_status" on null in /Users/m.waqas/Documents/OP-WP-2023/P4/planty/app/public/wp-content/plugins/elementor/core/base/document.php on line 1742
[07-Jun-2023 16:51:00 UTC] PHP Warning:  Attempt to read property "post_status" on null in /Users/m.waqas/Documents/OP-WP-2023/P4/planty/app/public/wp-content/plugins/elementor/core/base/document.php on line 1751
[07-Jun-2023 16:51:00 UTC] PHP Warning:  Attempt to read property "post_status" on null in /Users/m.waqas/Documents/OP-WP-2023/P4/planty/app/public/wp-content/plugins/elementor/core/kits/manager.php on line 280
[07-Jun-2023 16:51:00 UTC] PHP Warning:  Attempt to read property "post_status" on null in /Users/m.waqas/Documents/OP-WP-2023/P4/planty/app/public/wp-content/plugins/elementor/core/kits/manager.php on line 280
[07-Jun-2023 17:06:35 UTC] PHP Warning:  Attempt to read property "post_status" on null in /Users/m.waqas/Documents/OP-WP-2023/P4/planty/app/public/wp-content/plugins/elementor/core/base/document.php on line 1742
[07-Jun-2023 17:06:35 UTC] PHP Warning:  Attempt to read property "post_status" on null in /Users/m.waqas/Documents/OP-WP-2023/P4/planty/app/public/wp-content/plugins/elementor/core/base/document.php on line 1751
[07-Jun-2023 17:06:35 UTC] PHP Warning:  Attempt to read property "post_status" on null in /Users/m.waqas/Documents/OP-WP-2023/P4/planty/app/public/wp-content/plugins/elementor/core/kits/manager.php on line 280
[07-Jun-2023 17:06:35 UTC] PHP Warning:  Attempt to read property "post_status" on null in /Users/m.waqas/Documents/OP-WP-2023/P4/planty/app/public/wp-content/plugins/elementor/core/kits/manager.php on line 280
[07-Jun-2023 17:06:37 UTC] PHP Warning:  Attempt to read property "post_status" on null in /Users/m.waqas/Documents/OP-WP-2023/P4/planty/app/public/wp-content/plugins/elementor/core/base/document.php on line 1742
[07-Jun-2023 17:06:37 UTC] PHP Warning:  Attempt to read property "post_status" on null in /Users/m.waqas/Documents/OP-WP-2023/P4/planty/app/public/wp-content/plugins/elementor/core/base/document.php on line 1751
[07-Jun-2023 17:06:37 UTC] PHP Warning:  Attempt to read property "post_status" on null in /Users/m.waqas/Documents/OP-WP-2023/P4/planty/app/public/wp-content/plugins/elementor/core/kits/manager.php on line 280
[07-Jun-2023 17:06:37 UTC] PHP Warning:  Attempt to read property "post_status" on null in /Users/m.waqas/Documents/OP-WP-2023/P4/planty/app/public/wp-content/plugins/elementor/core/kits/manager.php on line 280
[07-Jun-2023 17:07:23 UTC] PHP Warning:  Attempt to read property "post_status" on null in /Users/m.waqas/Documents/OP-WP-2023/P4/planty/app/public/wp-content/plugins/elementor/core/base/document.php on line 1742
[07-Jun-2023 17:07:23 UTC] PHP Warning:  Attempt to read property "post_status" on null in /Users/m.waqas/Documents/OP-WP-2023/P4/planty/app/public/wp-content/plugins/elementor/core/base/document.php on line 1751
[07-Jun-2023 17:07:23 UTC] PHP Warning:  Attempt to read property "post_status" on null in /Users/m.waqas/Documents/OP-WP-2023/P4/planty/app/public/wp-content/plugins/elementor/core/kits/manager.php on line 280
[07-Jun-2023 17:07:23 UTC] PHP Warning:  Attempt to read property "post_status" on null in /Users/m.waqas/Documents/OP-WP-2023/P4/planty/app/public/wp-content/plugins/elementor/core/kits/manager.php on line 280
[10-Jun-2023 22:55:38 UTC] PHP Warning:  Attempt to read property "post_status" on null in /Users/m.waqas/Documents/OP-WP-2023/P4/planty/app/public/wp-content/plugins/elementor/core/base/document.php on line 1742
[10-Jun-2023 22:55:38 UTC] PHP Warning:  Attempt to read property "post_status" on null in /Users/m.waqas/Documents/OP-WP-2023/P4/planty/app/public/wp-content/plugins/elementor/core/base/document.php on line 1751
[10-Jun-2023 22:55:38 UTC] PHP Warning:  Attempt to read property "post_status" on null in /Users/m.waqas/Documents/OP-WP-2023/P4/planty/app/public/wp-content/plugins/elementor/core/kits/manager.php on line 280
[10-Jun-2023 22:55:38 UTC] PHP Warning:  Attempt to read property "post_status" on null in /Users/m.waqas/Documents/OP-WP-2023/P4/planty/app/public/wp-content/plugins/elementor/core/kits/manager.php on line 280
[10-Jun-2023 22:55:43 UTC] PHP Warning:  Attempt to read property "post_status" on null in /Users/m.waqas/Documents/OP-WP-2023/P4/planty/app/public/wp-content/plugins/elementor/core/base/document.php on line 1742
[10-Jun-2023 22:55:43 UTC] PHP Warning:  Attempt to read property "post_status" on null in /Users/m.waqas/Documents/OP-WP-2023/P4/planty/app/public/wp-content/plugins/elementor/core/base/document.php on line 1751
[10-Jun-2023 22:55:43 UTC] PHP Warning:  Attempt to read property "post_status" on null in /Users/m.waqas/Documents/OP-WP-2023/P4/planty/app/public/wp-content/plugins/elementor/core/kits/manager.php on line 280
[10-Jun-2023 22:55:43 UTC] PHP Warning:  Attempt to read property "post_status" on null in /Users/m.waqas/Documents/OP-WP-2023/P4/planty/app/public/wp-content/plugins/elementor/core/kits/manager.php on line 280
[10-Jun-2023 22:55:51 UTC] PHP Warning:  Attempt to read property "post_status" on null in /Users/m.waqas/Documents/OP-WP-2023/P4/planty/app/public/wp-content/plugins/elementor/core/base/document.php on line 1742
[10-Jun-2023 22:55:51 UTC] PHP Warning:  Attempt to read property "post_status" on null in /Users/m.waqas/Documents/OP-WP-2023/P4/planty/app/public/wp-content/plugins/elementor/core/base/document.php on line 1751
[10-Jun-2023 22:55:51 UTC] PHP Warning:  Attempt to read property "post_status" on null in /Users/m.waqas/Documents/OP-WP-2023/P4/planty/app/public/wp-content/plugins/elementor/core/kits/manager.php on line 280
[10-Jun-2023 22:55:51 UTC] PHP Warning:  Attempt to read property "post_status" on null in /Users/m.waqas/Documents/OP-WP-2023/P4/planty/app/public/wp-content/plugins/elementor/core/kits/manager.php on line 280
[14-Jun-2023 17:13:44 UTC] PHP Warning:  Attempt to read property "post_status" on null in /Users/m.waqas/Documents/OP-WP-2023/P4/planty/app/public/wp-content/plugins/elementor/core/base/document.php on line 1742
[14-Jun-2023 17:13:44 UTC] PHP Warning:  Attempt to read property "post_status" on null in /Users/m.waqas/Documents/OP-WP-2023/P4/planty/app/public/wp-content/plugins/elementor/core/base/document.php on line 1751
[14-Jun-2023 17:13:44 UTC] PHP Warning:  Attempt to read property "post_status" on null in /Users/m.waqas/Documents/OP-WP-2023/P4/planty/app/public/wp-content/plugins/elementor/core/kits/manager.php on line 280
[14-Jun-2023 17:13:44 UTC] PHP Warning:  Attempt to read property "post_status" on null in /Users/m.waqas/Documents/OP-WP-2023/P4/planty/app/public/wp-content/plugins/elementor/core/kits/manager.php on line 280
[14-Jun-2023 17:13:54 UTC] PHP Warning:  Attempt to read property "post_status" on null in /Users/m.waqas/Documents/OP-WP-2023/P4/planty/app/public/wp-content/plugins/elementor/core/base/document.php on line 1742
[14-Jun-2023 17:13:54 UTC] PHP Warning:  Attempt to read property "post_status" on null in /Users/m.waqas/Documents/OP-WP-2023/P4/planty/app/public/wp-content/plugins/elementor/core/base/document.php on line 1751
[14-Jun-2023 17:13:54 UTC] PHP Warning:  Attempt to read property "post_status" on null in /Users/m.waqas/Documents/OP-WP-2023/P4/planty/app/public/wp-content/plugins/elementor/core/kits/manager.php on line 280
[14-Jun-2023 17:13:54 UTC] PHP Warning:  Attempt to read property "post_status" on null in /Users/m.waqas/Documents/OP-WP-2023/P4/planty/app/public/wp-content/plugins/elementor/core/kits/manager.php on line 280
[14-Jun-2023 17:13:59 UTC] PHP Warning:  Attempt to read property "post_status" on null in /Users/m.waqas/Documents/OP-WP-2023/P4/planty/app/public/wp-content/plugins/elementor/core/base/document.php on line 1742
[14-Jun-2023 17:13:59 UTC] PHP Warning:  Attempt to read property "post_status" on null in /Users/m.waqas/Documents/OP-WP-2023/P4/planty/app/public/wp-content/plugins/elementor/core/base/document.php on line 1751
[14-Jun-2023 17:13:59 UTC] PHP Warning:  Attempt to read property "post_status" on null in /Users/m.waqas/Documents/OP-WP-2023/P4/planty/app/public/wp-content/plugins/elementor/core/kits/manager.php on line 280
[14-Jun-2023 17:13:59 UTC] PHP Warning:  Attempt to read property "post_status" on null in /Users/m.waqas/Documents/OP-WP-2023/P4/planty/app/public/wp-content/plugins/elementor/core/kits/manager.php on line 280
[14-Jun-2023 17:14:03 UTC] PHP Warning:  Attempt to read property "post_status" on null in /Users/m.waqas/Documents/OP-WP-2023/P4/planty/app/public/wp-content/plugins/elementor/core/base/document.php on line 1742
[14-Jun-2023 17:14:03 UTC] PHP Warning:  Attempt to read property "post_status" on null in /Users/m.waqas/Documents/OP-WP-2023/P4/planty/app/public/wp-content/plugins/elementor/core/base/document.php on line 1751
[14-Jun-2023 17:14:03 UTC] PHP Warning:  Attempt to read property "post_status" on null in /Users/m.waqas/Documents/OP-WP-2023/P4/planty/app/public/wp-content/plugins/elementor/core/kits/manager.php on line 280
[14-Jun-2023 17:14:03 UTC] PHP Warning:  Attempt to read property "post_status" on null in /Users/m.waqas/Documents/OP-WP-2023/P4/planty/app/public/wp-content/plugins/elementor/core/kits/manager.php on line 280
[14-Jun-2023 17:18:00 UTC] PHP Warning:  Attempt to read property "post_status" on null in /Users/m.waqas/Documents/OP-WP-2023/P4/planty/app/public/wp-content/plugins/elementor/core/base/document.php on line 1742
[14-Jun-2023 17:18:00 UTC] PHP Warning:  Attempt to read property "post_status" on null in /Users/m.waqas/Documents/OP-WP-2023/P4/planty/app/public/wp-content/plugins/elementor/core/base/document.php on line 1751
[14-Jun-2023 17:18:00 UTC] PHP Warning:  Attempt to read property "post_status" on null in /Users/m.waqas/Documents/OP-WP-2023/P4/planty/app/public/wp-content/plugins/elementor/core/kits/manager.php on line 280
[14-Jun-2023 17:18:00 UTC] PHP Warning:  Attempt to read property "post_status" on null in /Users/m.waqas/Documents/OP-WP-2023/P4/planty/app/public/wp-content/plugins/elementor/core/kits/manager.php on line 280
[14-Jun-2023 17:18:05 UTC] PHP Warning:  Attempt to read property "post_status" on null in /Users/m.waqas/Documents/OP-WP-2023/P4/planty/app/public/wp-content/plugins/elementor/core/base/document.php on line 1742
[14-Jun-2023 17:18:05 UTC] PHP Warning:  Attempt to read property "post_status" on null in /Users/m.waqas/Documents/OP-WP-2023/P4/planty/app/public/wp-content/plugins/elementor/core/base/document.php on line 1751
[14-Jun-2023 17:18:05 UTC] PHP Warning:  Attempt to read property "post_status" on null in /Users/m.waqas/Documents/OP-WP-2023/P4/planty/app/public/wp-content/plugins/elementor/core/kits/manager.php on line 280
[14-Jun-2023 17:18:05 UTC] PHP Warning:  Attempt to read property "post_status" on null in /Users/m.waqas/Documents/OP-WP-2023/P4/planty/app/public/wp-content/plugins/elementor/core/kits/manager.php on line 280
[14-Jun-2023 17:20:22 UTC] PHP Warning:  Attempt to read property "post_status" on null in /Users/m.waqas/Documents/OP-WP-2023/P4/planty/app/public/wp-content/plugins/elementor/core/base/document.php on line 1742
[14-Jun-2023 17:20:22 UTC] PHP Warning:  Attempt to read property "post_status" on null in /Users/m.waqas/Documents/OP-WP-2023/P4/planty/app/public/wp-content/plugins/elementor/core/base/document.php on line 1751
[14-Jun-2023 17:20:22 UTC] PHP Warning:  Attempt to read property "post_status" on null in /Users/m.waqas/Documents/OP-WP-2023/P4/planty/app/public/wp-content/plugins/elementor/core/kits/manager.php on line 280
[14-Jun-2023 17:20:22 UTC] PHP Warning:  Attempt to read property "post_status" on null in /Users/m.waqas/Documents/OP-WP-2023/P4/planty/app/public/wp-content/plugins/elementor/core/kits/manager.php on line 280
[14-Jun-2023 17:20:26 UTC] PHP Warning:  Attempt to read property "post_status" on null in /Users/m.waqas/Documents/OP-WP-2023/P4/planty/app/public/wp-content/plugins/elementor/core/base/document.php on line 1742
[14-Jun-2023 17:20:26 UTC] PHP Warning:  Attempt to read property "post_status" on null in /Users/m.waqas/Documents/OP-WP-2023/P4/planty/app/public/wp-content/plugins/elementor/core/base/document.php on line 1751
[14-Jun-2023 17:20:27 UTC] PHP Warning:  Attempt to read property "post_status" on null in /Users/m.waqas/Documents/OP-WP-2023/P4/planty/app/public/wp-content/plugins/elementor/core/kits/manager.php on line 280
[14-Jun-2023 17:20:27 UTC] PHP Warning:  Attempt to read property "post_status" on null in /Users/m.waqas/Documents/OP-WP-2023/P4/planty/app/public/wp-content/plugins/elementor/core/kits/manager.php on line 280
[05-Jul-2023 17:46:11 UTC] Erreur d’événement de replanification de tâche pour le crochet action_scheduler_run_queue. Code d’erreur : could_not_set. Message d’erreur : La liste des évènements planifiés n’a pas pu être sauvegardée.. Données : {"schedule":"every_minute","args":["WP Cron"],"interval":60}
[06-Jul-2023 23:09:12 UTC] The Automattic\WooCommerce\Admin\API\Options::get_options function is deprecated since version 3.1.
[06-Jul-2023 23:09:12 UTC] The Automattic\WooCommerce\Admin\API\Options::get_options function is deprecated since version 3.1.
[06-Jul-2023 23:09:12 UTC] The Automattic\WooCommerce\Admin\API\Options::get_options function is deprecated since version 3.1.
[06-Jul-2023 23:09:12 UTC] The Automattic\WooCommerce\Admin\API\Options::get_options function is deprecated since version 3.1.
[06-Jul-2023 23:09:12 UTC] The Automattic\WooCommerce\Admin\API\Options::get_options function is deprecated since version 3.1.
[06-Jul-2023 23:09:12 UTC] The Automattic\WooCommerce\Admin\API\Options::get_options function is deprecated since version 3.1.
[12-Jul-2023 18:07:48 UTC] PHP Warning:  Attempt to read property "term_id" on array in /Users/m.waqas/Documents/OP-WP-2023/P4/planty/app/public/wp-content/plugins/royal-elementor-addons/includes/controls/wpr-ajax-select2/wpr-control-ajax-select2-api.php on line 137
[12-Jul-2023 18:07:48 UTC] PHP Warning:  Attempt to read property "name" on array in /Users/m.waqas/Documents/OP-WP-2023/P4/planty/app/public/wp-content/plugins/royal-elementor-addons/includes/controls/wpr-ajax-select2/wpr-control-ajax-select2-api.php on line 138
[12-Jul-2023 18:07:48 UTC] PHP Warning:  Attempt to read property "term_id" on array in /Users/m.waqas/Documents/OP-WP-2023/P4/planty/app/public/wp-content/plugins/royal-elementor-addons/includes/controls/wpr-ajax-select2/wpr-control-ajax-select2-api.php on line 137
[12-Jul-2023 18:07:48 UTC] PHP Warning:  Attempt to read property "name" on array in /Users/m.waqas/Documents/OP-WP-2023/P4/planty/app/public/wp-content/plugins/royal-elementor-addons/includes/controls/wpr-ajax-select2/wpr-control-ajax-select2-api.php on line 138
[28-Jul-2023 17:25:35 UTC] Erreur d’événement de replanification de tâche pour le crochet action_scheduler_run_queue. Code d’erreur : could_not_set. Message d’erreur : La liste des évènements planifiés n’a pas pu être sauvegardée.. Données : {"schedule":"every_minute","args":["WP Cron"],"interval":60}
[28-Jul-2023 17:27:36 UTC] Erreur d’événement de replanification de tâche pour le crochet action_scheduler_run_queue. Code d’erreur : could_not_set. Message d’erreur : La liste des évènements planifiés n’a pas pu être sauvegardée.. Données : {"schedule":"every_minute","args":["WP Cron"],"interval":60}
[01-Aug-2023 21:44:37 UTC] PHP Warning:  Undefined array key "url" in /Users/m.waqas/Documents/OP-WP-2023/P4/planty/app/public/wp-content/plugins/wpforms-lite/src/Forms/IconChoices.php on line 127
[01-Aug-2023 21:44:37 UTC] PHP Warning:  Undefined array key "path" in /Users/m.waqas/Documents/OP-WP-2023/P4/planty/app/public/wp-content/plugins/wpforms-lite/src/Forms/IconChoices.php on line 128
[01-Aug-2023 22:16:23 UTC] PHP Warning:  Attempt to read property "post_content" on array in /Users/m.waqas/Documents/OP-WP-2023/P4/planty/app/public/wp-content/plugins/wpforms-lite/src/Frontend/Frontend.php on line 215
[01-Aug-2023 22:16:23 UTC] PHP Warning:  Attempt to read property "ID" on array in /Users/m.waqas/Documents/OP-WP-2023/P4/planty/app/public/wp-content/plugins/wpforms-lite/src/Frontend/Frontend.php on line 216
[01-Aug-2023 22:16:23 UTC] PHP Warning:  Attempt to read property "ID" on array in /Users/m.waqas/Documents/OP-WP-2023/P4/planty/app/public/wp-content/plugins/wpforms-lite/src/Frontend/Frontend.php on line 373
[01-Aug-2023 22:16:26 UTC] PHP Warning:  Undefined array key "ninja_forms_templates" in /Users/m.waqas/Documents/OP-WP-2023/P4/planty/app/public/wp-content/plugins/royal-elementor-addons/modules/forms/widgets/wpr-forms.php on line 2417
[01-Aug-2023 22:16:28 UTC] PHP Warning:  Undefined array key "caldera_forms_templates" in /Users/m.waqas/Documents/OP-WP-2023/P4/planty/app/public/wp-content/plugins/royal-elementor-addons/modules/forms/widgets/wpr-forms.php on line 2421
[01-Aug-2023 22:16:31 UTC] PHP Warning:  Attempt to read property "post_content" on array in /Users/m.waqas/Documents/OP-WP-2023/P4/planty/app/public/wp-content/plugins/wpforms-lite/src/Frontend/Frontend.php on line 215
[01-Aug-2023 22:16:31 UTC] PHP Warning:  Attempt to read property "ID" on array in /Users/m.waqas/Documents/OP-WP-2023/P4/planty/app/public/wp-content/plugins/wpforms-lite/src/Frontend/Frontend.php on line 216
[01-Aug-2023 22:16:31 UTC] PHP Warning:  Attempt to read property "ID" on array in /Users/m.waqas/Documents/OP-WP-2023/P4/planty/app/public/wp-content/plugins/wpforms-lite/src/Frontend/Frontend.php on line 373
[08-Aug-2023 20:26:52 UTC] PHP Warning:  Une erreur imprévue est survenue. Il pourrait y avoir un problème avec WordPress.org ou la configuration de ce serveur. Si vous continuez à rencontrer ce problème, veuillez vous rendre sur les <a href="https://wpfr.net/support">forums de support</a>. (WordPress n’a pas pu établir de connexion sécurisée vers WordPress.org. Veuillez contacter l’administrateur ou l’administratrice de votre serveur.) in /Users/m.waqas/Documents/OP-WP-2023/P4/planty/app/public/wp-includes/update.php on line 209
[08-Aug-2023 20:26:52 UTC] PHP Warning:  Une erreur imprévue est survenue. Il pourrait y avoir un problème avec WordPress.org ou la configuration de ce serveur. Si vous continuez à rencontrer ce problème, veuillez vous rendre sur les <a href="https://wpfr.net/support">forums de support</a>. (WordPress n’a pas pu établir de connexion sécurisée vers WordPress.org. Veuillez contacter l’administrateur ou l’administratrice de votre serveur.) in /Users/m.waqas/Documents/OP-WP-2023/P4/planty/app/public/wp-includes/update.php on line 447
[08-Aug-2023 20:26:52 UTC] PHP Warning:  Une erreur imprévue est survenue. Il pourrait y avoir un problème avec WordPress.org ou la configuration de ce serveur. Si vous continuez à rencontrer ce problème, veuillez vous rendre sur les <a href="https://wpfr.net/support">forums de support</a>. (WordPress n’a pas pu établir de connexion sécurisée vers WordPress.org. Veuillez contacter l’administrateur ou l’administratrice de votre serveur.) in /Users/m.waqas/Documents/OP-WP-2023/P4/planty/app/public/wp-includes/update.php on line 728
[16-Aug-2023 19:19:05 UTC] Erreur d’événement de replanification de tâche pour le crochet action_scheduler_run_queue. Code d’erreur : could_not_set. Message d’erreur : La liste des évènements planifiés n’a pas pu être sauvegardée.. Données : {"schedule":"every_minute","args":["WP Cron"],"interval":60}
[20-Aug-2023 12:46:49 UTC] Erreur d’événement de replanification de tâche pour le crochet action_scheduler_run_queue. Code d’erreur : could_not_set. Message d’erreur : La liste des évènements planifiés n’a pas pu être sauvegardée.. Données : {"schedule":"every_minute","args":["WP Cron"],"interval":60}
[20-Aug-2023 12:48:50 UTC] Erreur d’événement de replanification de tâche pour le crochet action_scheduler_run_queue. Code d’erreur : could_not_set. Message d’erreur : La liste des évènements planifiés n’a pas pu être sauvegardée.. Données : {"schedule":"every_minute","args":["WP Cron"],"interval":60}
[20-Aug-2023 12:52:52 UTC] Erreur d’événement de replanification de tâche pour le crochet action_scheduler_run_queue. Code d’erreur : could_not_set. Message d’erreur : La liste des évènements planifiés n’a pas pu être sauvegardée.. Données : {"schedule":"every_minute","args":["WP Cron"],"interval":60}
[20-Aug-2023 12:56:54 UTC] Erreur d’événement de replanification de tâche pour le crochet action_scheduler_run_queue. Code d’erreur : could_not_set. Message d’erreur : La liste des évènements planifiés n’a pas pu être sauvegardée.. Données : {"schedule":"every_minute","args":["WP Cron"],"interval":60}
[20-Aug-2023 13:02:57 UTC] Erreur d’événement de replanification de tâche pour le crochet action_scheduler_run_queue. Code d’erreur : could_not_set. Message d’erreur : La liste des évènements planifiés n’a pas pu être sauvegardée.. Données : {"schedule":"every_minute","args":["WP Cron"],"interval":60}
[21-Aug-2023 18:24:19 UTC] PHP Warning:  Une erreur imprévue est survenue. Il pourrait y avoir un problème avec WordPress.org ou la configuration de ce serveur. Si vous continuez à rencontrer ce problème, veuillez vous rendre sur les <a href="https://wpfr.net/support">forums de support</a>. (WordPress n’a pas pu établir de connexion sécurisée vers WordPress.org. Veuillez contacter l’administrateur ou l’administratrice de votre serveur.) in /Users/m.waqas/Documents/OP-WP-2023/P4/planty/app/public/wp-includes/update.php on line 211
[21-Aug-2023 18:24:29 UTC] PHP Warning:  Une erreur imprévue est survenue. Il pourrait y avoir un problème avec WordPress.org ou la configuration de ce serveur. Si vous continuez à rencontrer ce problème, veuillez vous rendre sur les <a href="https://wpfr.net/support">forums de support</a>. (WordPress n’a pas pu établir de connexion sécurisée vers WordPress.org. Veuillez contacter l’administrateur ou l’administratrice de votre serveur.) in /Users/m.waqas/Documents/OP-WP-2023/P4/planty/app/public/wp-includes/update.php on line 449
[21-Aug-2023 18:24:39 UTC] PHP Warning:  Une erreur imprévue est survenue. Il pourrait y avoir un problème avec WordPress.org ou la configuration de ce serveur. Si vous continuez à rencontrer ce problème, veuillez vous rendre sur les <a href="https://wpfr.net/support">forums de support</a>. (WordPress n’a pas pu établir de connexion sécurisée vers WordPress.org. Veuillez contacter l’administrateur ou l’administratrice de votre serveur.) in /Users/m.waqas/Documents/OP-WP-2023/P4/planty/app/public/wp-includes/update.php on line 730
[24-Aug-2023 19:47:57 UTC] Erreur d’événement de replanification de tâche pour le crochet action_scheduler_run_queue. Code d’erreur : could_not_set. Message d’erreur : La liste des évènements planifiés n’a pas pu être sauvegardée.. Données : {"schedule":"every_minute","args":["WP Cron"],"interval":60}
[01-Sep-2023 17:05:21 UTC] PHP Warning:  Undefined variable $reply_to in /Users/m.waqas/Documents/OP-WP-2023/P4/planty/app/public/wp-content/plugins/royal-elementor-addons/classes/modules/forms/wpr-send-email.php on line 175
[01-Sep-2023 17:05:32 UTC] PHP Warning:  Undefined variable $reply_to in /Users/m.waqas/Documents/OP-WP-2023/P4/planty/app/public/wp-content/plugins/royal-elementor-addons/classes/modules/forms/wpr-send-email.php on line 175
[01-Sep-2023 17:05:45 UTC] PHP Warning:  Undefined variable $reply_to in /Users/m.waqas/Documents/OP-WP-2023/P4/planty/app/public/wp-content/plugins/royal-elementor-addons/classes/modules/forms/wpr-send-email.php on line 175
[01-Sep-2023 17:05:49 UTC] PHP Warning:  Undefined variable $reply_to in /Users/m.waqas/Documents/OP-WP-2023/P4/planty/app/public/wp-content/plugins/royal-elementor-addons/classes/modules/forms/wpr-send-email.php on line 175
[01-Sep-2023 17:06:00 UTC] PHP Warning:  Undefined variable $reply_to in /Users/m.waqas/Documents/OP-WP-2023/P4/planty/app/public/wp-content/plugins/royal-elementor-addons/classes/modules/forms/wpr-send-email.php on line 175
[01-Sep-2023 17:06:02 UTC] PHP Warning:  Undefined variable $reply_to in /Users/m.waqas/Documents/OP-WP-2023/P4/planty/app/public/wp-content/plugins/royal-elementor-addons/classes/modules/forms/wpr-send-email.php on line 175
[01-Sep-2023 17:11:31 UTC] PHP Warning:  Undefined variable $reply_to in /Users/m.waqas/Documents/OP-WP-2023/P4/planty/app/public/wp-content/plugins/royal-elementor-addons/classes/modules/forms/wpr-send-email.php on line 175
[01-Sep-2023 17:11:37 UTC] PHP Warning:  Undefined variable $reply_to in /Users/m.waqas/Documents/OP-WP-2023/P4/planty/app/public/wp-content/plugins/royal-elementor-addons/classes/modules/forms/wpr-send-email.php on line 175
[01-Sep-2023 17:22:35 UTC] PHP Warning:  Undefined variable $reply_to in /Users/m.waqas/Documents/OP-WP-2023/P4/planty/app/public/wp-content/plugins/royal-elementor-addons/classes/modules/forms/wpr-send-email.php on line 175
[01-Sep-2023 17:24:54 UTC] PHP Warning:  Undefined variable $reply_to in /Users/m.waqas/Documents/OP-WP-2023/P4/planty/app/public/wp-content/plugins/royal-elementor-addons/classes/modules/forms/wpr-send-email.php on line 175
