[07-Jun-2023 18:12:44] NOTICE: fpm is running, pid 12945
[07-Jun-2023 18:12:44] NOTICE: ready to handle connections
[13-Jun-2023 00:43:37] NOTICE: Terminating ...
[13-Jun-2023 00:43:37] NOTICE: Terminating ...
[13-Jun-2023 00:43:37] NOTICE: exiting, bye-bye!
[14-Jun-2023 19:13:38] NOTICE: fpm is running, pid 1738
[14-Jun-2023 19:13:38] NOTICE: ready to handle connections
[19-Jun-2023 01:07:42] NOTICE: Terminating ...
[19-Jun-2023 01:07:42] NOTICE: Terminating ...
[19-Jun-2023 01:07:42] NOTICE: exiting, bye-bye!
[30-Jun-2023 23:52:01] NOTICE: fpm is running, pid 1236
[30-Jun-2023 23:52:01] NOTICE: ready to handle connections
[01-Jul-2023 22:50:41] NOTICE: Terminating ...
[01-Jul-2023 22:50:41] NOTICE: Terminating ...
[01-Jul-2023 22:50:41] NOTICE: exiting, bye-bye!
[03-Jul-2023 17:10:09] NOTICE: fpm is running, pid 1240
[03-Jul-2023 17:10:09] NOTICE: ready to handle connections
[04-Jul-2023 01:29:02] NOTICE: Terminating ...
[04-Jul-2023 01:29:02] NOTICE: Terminating ...
[04-Jul-2023 01:29:02] NOTICE: exiting, bye-bye!
[04-Jul-2023 21:58:53] NOTICE: fpm is running, pid 991
[04-Jul-2023 21:58:53] NOTICE: ready to handle connections
[10-Jul-2023 23:57:28] NOTICE: Terminating ...
[10-Jul-2023 23:57:28] NOTICE: Terminating ...
[10-Jul-2023 23:57:28] NOTICE: exiting, bye-bye!
[11-Jul-2023 23:33:39] NOTICE: fpm is running, pid 981
[11-Jul-2023 23:33:39] NOTICE: ready to handle connections
[20-Jul-2023 01:11:52] NOTICE: Terminating ...
[20-Jul-2023 01:11:52] NOTICE: Terminating ...
[20-Jul-2023 01:11:52] NOTICE: exiting, bye-bye!
[21-Jul-2023 22:24:39] NOTICE: fpm is running, pid 1259
[21-Jul-2023 22:24:39] NOTICE: ready to handle connections
[22-Jul-2023 00:02:37] NOTICE: Terminating ...
[22-Jul-2023 00:02:37] NOTICE: Terminating ...
[22-Jul-2023 00:02:38] NOTICE: exiting, bye-bye!
[23-Jul-2023 00:20:03] NOTICE: fpm is running, pid 1402
[23-Jul-2023 00:20:03] NOTICE: ready to handle connections
[23-Jul-2023 00:26:39] NOTICE: Terminating ...
[23-Jul-2023 00:26:39] NOTICE: Terminating ...
[23-Jul-2023 00:26:39] NOTICE: exiting, bye-bye!
[24-Jul-2023 20:49:53] NOTICE: fpm is running, pid 1147
[24-Jul-2023 20:49:53] NOTICE: ready to handle connections
[26-Jul-2023 00:04:53] NOTICE: Terminating ...
[26-Jul-2023 00:04:53] NOTICE: Terminating ...
[26-Jul-2023 00:04:53] NOTICE: exiting, bye-bye!
[28-Jul-2023 19:17:45] NOTICE: fpm is running, pid 1694
[28-Jul-2023 19:17:45] NOTICE: ready to handle connections
[30-Jul-2023 00:11:46] NOTICE: Terminating ...
[30-Jul-2023 00:11:46] NOTICE: Terminating ...
[30-Jul-2023 00:11:46] NOTICE: exiting, bye-bye!
[01-Aug-2023 23:44:34] NOTICE: fpm is running, pid 1364
[01-Aug-2023 23:44:34] NOTICE: ready to handle connections
[02-Aug-2023 01:06:59] NOTICE: Terminating ...
[02-Aug-2023 01:06:59] NOTICE: Terminating ...
[02-Aug-2023 01:06:59] NOTICE: exiting, bye-bye!
[02-Aug-2023 20:15:40] NOTICE: fpm is running, pid 933
[02-Aug-2023 20:15:40] NOTICE: ready to handle connections
[03-Aug-2023 01:09:43] NOTICE: Terminating ...
[03-Aug-2023 01:09:43] NOTICE: Terminating ...
[03-Aug-2023 01:09:43] NOTICE: exiting, bye-bye!
[04-Aug-2023 23:30:53] NOTICE: fpm is running, pid 2854
[04-Aug-2023 23:30:53] NOTICE: ready to handle connections
[05-Aug-2023 00:35:54] NOTICE: Terminating ...
[05-Aug-2023 00:35:54] NOTICE: Terminating ...
[05-Aug-2023 00:35:54] NOTICE: exiting, bye-bye!
[05-Aug-2023 14:05:23] NOTICE: fpm is running, pid 637
[05-Aug-2023 14:05:23] NOTICE: ready to handle connections
[09-Aug-2023 00:43:24] NOTICE: Terminating ...
[09-Aug-2023 00:43:24] NOTICE: Terminating ...
[09-Aug-2023 00:43:24] NOTICE: exiting, bye-bye!
[11-Aug-2023 21:43:42] NOTICE: fpm is running, pid 1693
[11-Aug-2023 21:43:42] NOTICE: ready to handle connections
[14-Aug-2023 00:10:34] NOTICE: Terminating ...
[14-Aug-2023 00:10:34] NOTICE: Terminating ...
[14-Aug-2023 00:10:34] NOTICE: exiting, bye-bye!
[14-Aug-2023 22:35:32] NOTICE: fpm is running, pid 1073
[14-Aug-2023 22:35:32] NOTICE: ready to handle connections
[17-Aug-2023 00:01:17] NOTICE: Terminating ...
[17-Aug-2023 00:01:17] NOTICE: Terminating ...
[17-Aug-2023 00:01:17] NOTICE: exiting, bye-bye!
[17-Aug-2023 16:33:15] NOTICE: fpm is running, pid 939
[17-Aug-2023 16:33:15] NOTICE: ready to handle connections
[18-Aug-2023 22:28:49] NOTICE: Terminating ...
[18-Aug-2023 22:28:49] NOTICE: Terminating ...
[18-Aug-2023 22:28:49] NOTICE: exiting, bye-bye!
[20-Aug-2023 11:32:15] NOTICE: fpm is running, pid 885
[20-Aug-2023 11:32:15] NOTICE: ready to handle connections
[22-Aug-2023 00:10:02] NOTICE: Terminating ...
[22-Aug-2023 00:10:02] NOTICE: Terminating ...
[22-Aug-2023 00:10:02] NOTICE: exiting, bye-bye!
[23-Aug-2023 20:00:11] NOTICE: fpm is running, pid 2718
[23-Aug-2023 20:00:11] NOTICE: ready to handle connections
[23-Aug-2023 23:38:35] NOTICE: Terminating ...
[23-Aug-2023 23:38:35] NOTICE: Terminating ...
[23-Aug-2023 23:38:35] NOTICE: exiting, bye-bye!
[24-Aug-2023 20:43:06] NOTICE: fpm is running, pid 882
[24-Aug-2023 20:43:06] NOTICE: ready to handle connections
[27-Aug-2023 00:53:50] NOTICE: Terminating ...
[27-Aug-2023 00:53:50] NOTICE: Terminating ...
[27-Aug-2023 00:53:50] NOTICE: exiting, bye-bye!
[27-Aug-2023 20:37:01] NOTICE: fpm is running, pid 855
[27-Aug-2023 20:37:01] NOTICE: ready to handle connections
[28-Aug-2023 16:28:41] NOTICE: fpm is running, pid 705
[28-Aug-2023 16:28:41] NOTICE: ready to handle connections
[29-Aug-2023 23:21:31] NOTICE: fpm is running, pid 669
[29-Aug-2023 23:21:31] NOTICE: ready to handle connections
[01-Sep-2023 02:20:14] NOTICE: Terminating ...
[01-Sep-2023 02:20:14] NOTICE: Terminating ...
[01-Sep-2023 02:20:14] NOTICE: exiting, bye-bye!
[01-Sep-2023 17:54:43] NOTICE: fpm is running, pid 1062
[01-Sep-2023 17:54:43] NOTICE: ready to handle connections
[02-Sep-2023 11:33:13] NOTICE: Terminating ...
[02-Sep-2023 11:33:13] NOTICE: Terminating ...
[02-Sep-2023 11:33:13] NOTICE: exiting, bye-bye!
[02-Sep-2023 20:52:33] NOTICE: fpm is running, pid 932
[02-Sep-2023 20:52:33] NOTICE: ready to handle connections
[03-Sep-2023 23:55:52] NOTICE: Terminating ...
[03-Sep-2023 23:55:52] NOTICE: Terminating ...
[03-Sep-2023 23:55:52] NOTICE: exiting, bye-bye!
[06-Sep-2023 20:15:41] NOTICE: fpm is running, pid 1726
[06-Sep-2023 20:15:41] NOTICE: ready to handle connections
[06-Sep-2023 20:15:44] WARNING: [pool www] child 1744 exited on signal 11 (SIGSEGV) after 2.511866 seconds from start
[06-Sep-2023 20:15:44] NOTICE: [pool www] child 1763 started
